2023-09-23 13:28:10 -Starting ServiceApplication on DESKTOP-TKIAF79 with PID 7448 (E:\IdeaProjects\im_system\service\target\classes started by nsw in E:\IdeaProjects\im_system)
2023-09-23 13:28:10 -The following profiles are active: dev
2023-09-23 13:28:13 -Multiple Spring Data modules found, entering strict repository configuration mode!
2023-09-23 13:28:13 -Bootstrapping Spring Data Redis repositories in DEFAULT mode.
2023-09-23 13:28:14 -Finished Spring Data repository scanning in 702ms. Found 0 Redis repository interfaces.
2023-09-23 13:28:15 -Tomcat initialized with port(s): 8000 (http)
2023-09-23 13:28:15 -Initializing ProtocolHandler ["http-nio-8000"]
2023-09-23 13:28:15 -Starting service [Tomcat]
2023-09-23 13:28:15 -Starting Servlet engine: [Apache Tomcat/9.0.37]
2023-09-23 13:28:15 -Initializing Spring embedded WebApplicationContext
2023-09-23 13:28:15 -Root WebApplicationContext: initialization completed in 4043 ms
2023-09-23 13:28:16 -Initializing ExecutorService 'applicationTaskExecutor'
2023-09-23 13:28:17 -Starting ProtocolHandler ["http-nio-8000"]
2023-09-23 13:28:17 -Tomcat started on port(s): 8000 (http) with context path ''
2023-09-23 13:28:17 -Started ServiceApplication in 7.752 seconds (JVM running for 11.652)
2023-09-23 16:22:14 -Starting ServiceApplication on DESKTOP-TKIAF79 with PID 5964 (E:\IdeaProjects\im_system\service\target\classes started by nsw in E:\IdeaProjects\im_system)
2023-09-23 16:22:14 -The following profiles are active: dev
2023-09-23 16:22:17 -Multiple Spring Data modules found, entering strict repository configuration mode!
2023-09-23 16:22:17 -Bootstrapping Spring Data Redis repositories in DEFAULT mode.
2023-09-23 16:22:17 -Finished Spring Data repository scanning in 109ms. Found 0 Redis repository interfaces.
2023-09-23 16:22:18 -Tomcat initialized with port(s): 8000 (http)
2023-09-23 16:22:18 -Initializing ProtocolHandler ["http-nio-8000"]
2023-09-23 16:22:18 -Starting service [Tomcat]
2023-09-23 16:22:18 -Starting Servlet engine: [Apache Tomcat/9.0.37]
2023-09-23 16:22:18 -Initializing Spring embedded WebApplicationContext
2023-09-23 16:22:18 -Root WebApplicationContext: initialization completed in 4333 ms
2023-09-23 16:22:20 -Exception encountered during context initialization - cancelling refresh attempt: org.springframework.beans.factory.UnsatisfiedDependencyException: Error creating bean with name 'imGroupController': Unsatisfied dependency expressed through field 'groupService'; nested exception is org.springframework.beans.factory.UnsatisfiedDependencyException: Error creating bean with name 'imGroupServiceImpl': Unsatisfied dependency expressed through field 'imGroupDataMapper'; nested exception is org.springframework.beans.factory.NoSuchBeanDefinitionException: No qualifying bean of type 'com.nsw.im.service.group.dao.mapper.ImGroupMapper' available: expected at least 1 bean which qualifies as autowire candidate. Dependency annotations: {@org.springframework.beans.factory.annotation.Autowired(required=true)}
2023-09-23 16:22:20 -Stopping service [Tomcat]
2023-09-23 16:22:20 -

Error starting ApplicationContext. To display the conditions report re-run your application with 'debug' enabled.
2023-09-23 16:22:20 -

***************************
APPLICATION FAILED TO START
***************************

Description:

Field imGroupDataMapper in com.nsw.im.service.group.service.impl.ImGroupServiceImpl required a bean of type 'com.nsw.im.service.group.dao.mapper.ImGroupMapper' that could not be found.

The injection point has the following annotations:
	- @org.springframework.beans.factory.annotation.Autowired(required=true)


Action:

Consider defining a bean of type 'com.nsw.im.service.group.dao.mapper.ImGroupMapper' in your configuration.

