2023-09-19 22:31:35 -Starting ServiceApplication on DESKTOP-TKIAF79 with PID 5260 (E:\IdeaProjects\im_system\service\target\classes started by nsw in E:\IdeaProjects\im_system)
2023-09-19 22:31:35 -The following profiles are active: dev
2023-09-19 22:31:38 -Multiple Spring Data modules found, entering strict repository configuration mode!
2023-09-19 22:31:38 -Bootstrapping Spring Data Redis repositories in DEFAULT mode.
2023-09-19 22:31:38 -Finished Spring Data repository scanning in 21ms. Found 0 Redis repository interfaces.
2023-09-19 22:31:42 -Tomcat initialized with port(s): 8000 (http)
2023-09-19 22:31:42 -Initializing ProtocolHandler ["http-nio-8000"]
2023-09-19 22:31:42 -Starting service [Tomcat]
2023-09-19 22:31:42 -Starting Servlet engine: [Apache Tomcat/9.0.37]
2023-09-19 22:31:42 -Initializing Spring embedded WebApplicationContext
2023-09-19 22:31:42 -Root WebApplicationContext: initialization completed in 7169 ms
2023-09-19 22:31:45 -Exception encountered during context initialization - cancelling refresh attempt: org.springframework.beans.factory.UnsatisfiedDependencyException: Error creating bean with name 'imFriendShipController': Unsatisfied dependency expressed through field 'imFriendShipService'; nested exception is org.springframework.beans.factory.UnsatisfiedDependencyException: Error creating bean with name 'imFriendServiceImpl': Unsatisfied dependency expressed through field 'imFriendShipRequestService'; nested exception is org.springframework.beans.factory.UnsatisfiedDependencyException: Error creating bean with name 'imFriendShipRequestServiceImpl': Unsatisfied dependency expressed through method 'getFriendRequest' parameter 0; nested exception is org.springframework.beans.factory.NoSuchBeanDefinitionException: No qualifying bean of type 'java.lang.String' available: expected at least 1 bean which qualifies as autowire candidate. Dependency annotations: {}
2023-09-19 22:31:45 -Stopping service [Tomcat]
2023-09-19 22:31:45 -

Error starting ApplicationContext. To display the conditions report re-run your application with 'debug' enabled.
2023-09-19 22:31:46 -

***************************
APPLICATION FAILED TO START
***************************

Description:

Parameter 0 of method getFriendRequest in com.nsw.im.service.friendship.service.impl.ImFriendShipRequestServiceImpl required a bean of type 'java.lang.String' that could not be found.

The injection point has the following annotations:
	- @org.springframework.beans.factory.annotation.Autowired(required=true)


Action:

Consider defining a bean of type 'java.lang.String' in your configuration.

2023-09-19 22:34:31 -Starting ServiceApplication on DESKTOP-TKIAF79 with PID 5188 (E:\IdeaProjects\im_system\service\target\classes started by nsw in E:\IdeaProjects\im_system)
2023-09-19 22:34:31 -The following profiles are active: dev
2023-09-19 22:34:32 -Multiple Spring Data modules found, entering strict repository configuration mode!
2023-09-19 22:34:32 -Bootstrapping Spring Data Redis repositories in DEFAULT mode.
2023-09-19 22:34:32 -Finished Spring Data repository scanning in 23ms. Found 0 Redis repository interfaces.
2023-09-19 22:34:32 -Tomcat initialized with port(s): 8000 (http)
2023-09-19 22:34:32 -Initializing ProtocolHandler ["http-nio-8000"]
2023-09-19 22:34:32 -Starting service [Tomcat]
2023-09-19 22:34:32 -Starting Servlet engine: [Apache Tomcat/9.0.37]
2023-09-19 22:34:32 -Initializing Spring embedded WebApplicationContext
2023-09-19 22:34:32 -Root WebApplicationContext: initialization completed in 1858 ms
2023-09-19 22:34:34 -Exception encountered during context initialization - cancelling refresh attempt: org.springframework.beans.factory.UnsatisfiedDependencyException: Error creating bean with name 'imFriendShipController': Unsatisfied dependency expressed through field 'imFriendShipService'; nested exception is org.springframework.beans.factory.UnsatisfiedDependencyException: Error creating bean with name 'imFriendServiceImpl': Unsatisfied dependency expressed through field 'imFriendShipRequestService'; nested exception is org.springframework.beans.factory.UnsatisfiedDependencyException: Error creating bean with name 'imFriendShipRequestServiceImpl': Unsatisfied dependency expressed through method 'getFriendRequest' parameter 0; nested exception is org.springframework.beans.factory.NoSuchBeanDefinitionException: No qualifying bean of type 'java.lang.String' available: expected at least 1 bean which qualifies as autowire candidate. Dependency annotations: {}
2023-09-19 22:34:34 -Stopping service [Tomcat]
2023-09-19 22:34:34 -

Error starting ApplicationContext. To display the conditions report re-run your application with 'debug' enabled.
2023-09-19 22:34:34 -

***************************
APPLICATION FAILED TO START
***************************

Description:

Parameter 0 of method getFriendRequest in com.nsw.im.service.friendship.service.impl.ImFriendShipRequestServiceImpl required a bean of type 'java.lang.String' that could not be found.

The injection point has the following annotations:
	- @org.springframework.beans.factory.annotation.Autowired(required=true)


Action:

Consider defining a bean of type 'java.lang.String' in your configuration.

2023-09-19 22:46:33 -Starting ServiceApplication on DESKTOP-TKIAF79 with PID 8932 (E:\IdeaProjects\im_system\service\target\classes started by nsw in E:\IdeaProjects\im_system)
2023-09-19 22:46:33 -The following profiles are active: dev
2023-09-19 22:46:34 -Multiple Spring Data modules found, entering strict repository configuration mode!
2023-09-19 22:46:34 -Bootstrapping Spring Data Redis repositories in DEFAULT mode.
2023-09-19 22:46:34 -Finished Spring Data repository scanning in 24ms. Found 0 Redis repository interfaces.
2023-09-19 22:46:34 -Tomcat initialized with port(s): 8000 (http)
2023-09-19 22:46:34 -Initializing ProtocolHandler ["http-nio-8000"]
2023-09-19 22:46:34 -Starting service [Tomcat]
2023-09-19 22:46:34 -Starting Servlet engine: [Apache Tomcat/9.0.37]
2023-09-19 22:46:35 -Initializing Spring embedded WebApplicationContext
2023-09-19 22:46:35 -Root WebApplicationContext: initialization completed in 1959 ms
2023-09-19 22:46:36 -Exception encountered during context initialization - cancelling refresh attempt: org.springframework.beans.factory.UnsatisfiedDependencyException: Error creating bean with name 'imFriendShipGroupMemberServiceImpl': Unsatisfied dependency expressed through field 'imFriendShipGroupMemberMapper'; nested exception is org.springframework.beans.factory.NoSuchBeanDefinitionException: No qualifying bean of type 'com.nsw.im.service.friendship.dao.mapper.ImFriendShipGroupMemberMapper' available: expected at least 1 bean which qualifies as autowire candidate. Dependency annotations: {@org.springframework.beans.factory.annotation.Autowired(required=true)}
2023-09-19 22:46:36 -Stopping service [Tomcat]
2023-09-19 22:46:36 -

Error starting ApplicationContext. To display the conditions report re-run your application with 'debug' enabled.
2023-09-19 22:46:36 -

***************************
APPLICATION FAILED TO START
***************************

Description:

Field imFriendShipGroupMemberMapper in com.nsw.im.service.friendship.service.impl.ImFriendShipGroupMemberServiceImpl required a bean of type 'com.nsw.im.service.friendship.dao.mapper.ImFriendShipGroupMemberMapper' that could not be found.

The injection point has the following annotations:
	- @org.springframework.beans.factory.annotation.Autowired(required=true)


Action:

Consider defining a bean of type 'com.nsw.im.service.friendship.dao.mapper.ImFriendShipGroupMemberMapper' in your configuration.

