2023-09-21 21:13:31 -Starting ServiceApplication on DESKTOP-TKIAF79 with PID 5408 (E:\IdeaProjects\im_system\service\target\classes started by nsw in E:\IdeaProjects\im_system)
2023-09-21 21:13:31 -The following profiles are active: dev
2023-09-21 21:13:35 -Multiple Spring Data modules found, entering strict repository configuration mode!
2023-09-21 21:13:35 -Bootstrapping Spring Data Redis repositories in DEFAULT mode.
2023-09-21 21:13:36 -Finished Spring Data repository scanning in 58ms. Found 0 Redis repository interfaces.
2023-09-21 21:13:38 -Tomcat initialized with port(s): 8000 (http)
2023-09-21 21:13:38 -Initializing ProtocolHandler ["http-nio-8000"]
2023-09-21 21:13:38 -Starting service [Tomcat]
2023-09-21 21:13:38 -Starting Servlet engine: [Apache Tomcat/9.0.37]
2023-09-21 21:13:38 -Initializing Spring embedded WebApplicationContext
2023-09-21 21:13:38 -Root WebApplicationContext: initialization completed in 7173 ms
2023-09-21 21:13:42 -Exception encountered during context initialization - cancelling refresh attempt: org.springframework.beans.factory.UnsatisfiedDependencyException: Error creating bean with name 'imFriendShipGroupMemberServiceImpl': Unsatisfied dependency expressed through field 'imFriendShipGroupMemberMapper'; nested exception is org.springframework.beans.factory.NoSuchBeanDefinitionException: No qualifying bean of type 'com.nsw.im.service.friendship.dao.mapper.ImFriendShipGroupMemberMapper' available: expected at least 1 bean which qualifies as autowire candidate. Dependency annotations: {@org.springframework.beans.factory.annotation.Autowired(required=true)}
2023-09-21 21:13:42 -Stopping service [Tomcat]
2023-09-21 21:13:42 -

Error starting ApplicationContext. To display the conditions report re-run your application with 'debug' enabled.
2023-09-21 21:13:43 -

***************************
APPLICATION FAILED TO START
***************************

Description:

Field imFriendShipGroupMemberMapper in com.nsw.im.service.friendship.service.impl.ImFriendShipGroupMemberServiceImpl required a bean of type 'com.nsw.im.service.friendship.dao.mapper.ImFriendShipGroupMemberMapper' that could not be found.

The injection point has the following annotations:
	- @org.springframework.beans.factory.annotation.Autowired(required=true)


Action:

Consider defining a bean of type 'com.nsw.im.service.friendship.dao.mapper.ImFriendShipGroupMemberMapper' in your configuration.

2023-09-21 22:04:00 -Starting ServiceApplication on DESKTOP-TKIAF79 with PID 3888 (E:\IdeaProjects\im_system\service\target\classes started by nsw in E:\IdeaProjects\im_system)
2023-09-21 22:04:00 -The following profiles are active: dev
2023-09-21 22:04:03 -Multiple Spring Data modules found, entering strict repository configuration mode!
2023-09-21 22:04:03 -Bootstrapping Spring Data Redis repositories in DEFAULT mode.
2023-09-21 22:04:03 -Finished Spring Data repository scanning in 51ms. Found 0 Redis repository interfaces.
2023-09-21 22:04:03 -Tomcat initialized with port(s): 8000 (http)
2023-09-21 22:04:03 -Initializing ProtocolHandler ["http-nio-8000"]
2023-09-21 22:04:03 -Starting service [Tomcat]
2023-09-21 22:04:03 -Starting Servlet engine: [Apache Tomcat/9.0.37]
2023-09-21 22:04:03 -Initializing Spring embedded WebApplicationContext
2023-09-21 22:04:03 -Root WebApplicationContext: initialization completed in 2875 ms
2023-09-21 22:04:05 -Initializing ExecutorService 'applicationTaskExecutor'
2023-09-21 22:04:06 -Starting ProtocolHandler ["http-nio-8000"]
2023-09-21 22:04:06 -Tomcat started on port(s): 8000 (http) with context path ''
2023-09-21 22:04:06 -Started ServiceApplication in 7.123 seconds (JVM running for 8.576)
