2023-08-09 09:52:00 -Starting ServiceApplication on DESKTOP-TKIAF79 with PID 186916 (E:\IdeaProjects\im_system\service\target\classes started by nsw in E:\IdeaProjects\im_system)
2023-08-09 09:52:00 -The following profiles are active: dev
2023-08-09 09:52:01 -Multiple Spring Data modules found, entering strict repository configuration mode!
2023-08-09 09:52:01 -Bootstrapping Spring Data Redis repositories in DEFAULT mode.
2023-08-09 09:52:01 -Finished Spring Data repository scanning in 13ms. Found 0 Redis repository interfaces.
2023-08-09 09:52:02 -Tomcat initialized with port(s): 8000 (http)
2023-08-09 09:52:02 -Initializing ProtocolHandler ["http-nio-8000"]
2023-08-09 09:52:02 -Starting service [Tomcat]
2023-08-09 09:52:02 -Starting Servlet engine: [Apache Tomcat/9.0.37]
2023-08-09 09:52:03 -Initializing Spring embedded WebApplicationContext
2023-08-09 09:52:03 -Root WebApplicationContext: initialization completed in 2477 ms
2023-08-09 09:52:04 -Initializing ExecutorService 'applicationTaskExecutor'
2023-08-09 09:52:06 -Starting ProtocolHandler ["http-nio-8000"]
2023-08-09 09:52:06 -Tomcat started on port(s): 8000 (http) with context path ''
2023-08-09 09:52:06 -Started ServiceApplication in 7.234 seconds (JVM running for 9.344)
2023-08-09 10:00:21 -Initializing Spring DispatcherServlet 'dispatcherServlet'
2023-08-09 10:00:21 -Initializing Servlet 'dispatcherServlet'
2023-08-09 10:00:21 -Completed initialization in 15 ms
2023-08-09 10:00:21 -HikariPool-1 - Starting...
2023-08-09 10:00:21 -HikariPool-1 - Start completed.
2023-08-09 18:41:49 -Starting ServiceApplication on DESKTOP-TKIAF79 with PID 190216 (E:\IdeaProjects\im_system\service\target\classes started by nsw in E:\IdeaProjects\im_system)
2023-08-09 18:41:49 -The following profiles are active: dev
2023-08-09 18:42:00 -Multiple Spring Data modules found, entering strict repository configuration mode!
2023-08-09 18:42:00 -Bootstrapping Spring Data Redis repositories in DEFAULT mode.
2023-08-09 18:42:00 -Finished Spring Data repository scanning in 17ms. Found 0 Redis repository interfaces.
2023-08-09 18:42:05 -Tomcat initialized with port(s): 8000 (http)
2023-08-09 18:42:05 -Initializing ProtocolHandler ["http-nio-8000"]
2023-08-09 18:42:05 -Starting service [Tomcat]
2023-08-09 18:42:05 -Starting Servlet engine: [Apache Tomcat/9.0.37]
2023-08-09 18:42:05 -Initializing Spring embedded WebApplicationContext
2023-08-09 18:42:05 -Root WebApplicationContext: initialization completed in 15350 ms
2023-08-09 18:42:13 -Initializing ExecutorService 'applicationTaskExecutor'
2023-08-09 18:42:23 -Starting ProtocolHandler ["http-nio-8000"]
2023-08-09 18:42:23 -Tomcat started on port(s): 8000 (http) with context path ''
2023-08-09 18:42:23 -Started ServiceApplication in 41.825 seconds (JVM running for 47.831)
