2023-09-22 21:36:21 -Starting ServiceApplication on DESKTOP-TKIAF79 with PID 20448 (E:\IdeaProjects\im_system\service\target\classes started by nsw in E:\IdeaProjects\im_system)
2023-09-22 21:36:21 -The following profiles are active: dev
2023-09-22 21:36:23 -Multiple Spring Data modules found, entering strict repository configuration mode!
2023-09-22 21:36:23 -Bootstrapping Spring Data Redis repositories in DEFAULT mode.
2023-09-22 21:36:23 -Finished Spring Data repository scanning in 69ms. Found 0 Redis repository interfaces.
2023-09-22 21:36:24 -Tomcat initialized with port(s): 8000 (http)
2023-09-22 21:36:24 -Initializing ProtocolHandler ["http-nio-8000"]
2023-09-22 21:36:24 -Starting service [Tomcat]
2023-09-22 21:36:24 -Starting Servlet engine: [Apache Tomcat/9.0.37]
2023-09-22 21:36:24 -Initializing Spring embedded WebApplicationContext
2023-09-22 21:36:24 -Root WebApplicationContext: initialization completed in 3487 ms
2023-09-22 21:36:26 -Initializing ExecutorService 'applicationTaskExecutor'
2023-09-22 21:36:27 -Starting ProtocolHandler ["http-nio-8000"]
2023-09-22 21:36:27 -Tomcat started on port(s): 8000 (http) with context path ''
2023-09-22 21:36:27 -Started ServiceApplication in 7.797 seconds (JVM running for 11.967)
2023-09-22 22:49:45 -Starting ServiceApplication on DESKTOP-TKIAF79 with PID 19316 (E:\IdeaProjects\im_system\service\target\classes started by nsw in E:\IdeaProjects\im_system)
2023-09-22 22:49:45 -The following profiles are active: dev
2023-09-22 22:49:47 -Multiple Spring Data modules found, entering strict repository configuration mode!
2023-09-22 22:49:47 -Bootstrapping Spring Data Redis repositories in DEFAULT mode.
2023-09-22 22:49:47 -Finished Spring Data repository scanning in 48ms. Found 0 Redis repository interfaces.
2023-09-22 22:49:48 -Tomcat initialized with port(s): 8000 (http)
2023-09-22 22:49:48 -Initializing ProtocolHandler ["http-nio-8000"]
2023-09-22 22:49:48 -Starting service [Tomcat]
2023-09-22 22:49:48 -Starting Servlet engine: [Apache Tomcat/9.0.37]
2023-09-22 22:49:48 -Initializing Spring embedded WebApplicationContext
2023-09-22 22:49:48 -Root WebApplicationContext: initialization completed in 3227 ms
2023-09-22 22:49:50 -Initializing ExecutorService 'applicationTaskExecutor'
2023-09-22 22:49:51 -Starting ProtocolHandler ["http-nio-8000"]
2023-09-22 22:49:51 -Tomcat started on port(s): 8000 (http) with context path ''
2023-09-22 22:49:51 -Started ServiceApplication in 7.785 seconds (JVM running for 9.528)
