2023-08-12 10:18:11 -Starting ServiceApplication on DESKTOP-TKIAF79 with PID 14736 (E:\IdeaProjects\im_system\service\target\classes started by nsw in E:\IdeaProjects\im_system)
2023-08-12 10:18:11 -The following profiles are active: dev
2023-08-12 10:18:14 -Multiple Spring Data modules found, entering strict repository configuration mode!
2023-08-12 10:18:14 -Bootstrapping Spring Data Redis repositories in DEFAULT mode.
2023-08-12 10:18:14 -Finished Spring Data repository scanning in 26ms. Found 0 Redis repository interfaces.
2023-08-12 10:18:19 -Tomcat initialized with port(s): 8000 (http)
2023-08-12 10:18:19 -Initializing ProtocolHandler ["http-nio-8000"]
2023-08-12 10:18:19 -Starting service [Tomcat]
2023-08-12 10:18:19 -Starting Servlet engine: [Apache Tomcat/9.0.37]
2023-08-12 10:18:19 -Initializing Spring embedded WebApplicationContext
2023-08-12 10:18:19 -Root WebApplicationContext: initialization completed in 8360 ms
2023-08-12 10:18:19 -Exception encountered during context initialization - cancelling refresh attempt: org.springframework.beans.factory.UnsatisfiedDependencyException: Error creating bean with name 'imFriendShipController': Unsatisfied dependency expressed through field 'imFriendService'; nested exception is org.springframework.beans.factory.NoSuchBeanDefinitionException: No qualifying bean of type 'com.nsw.im.service.friendship.service.ImFriendService' available: expected at least 1 bean which qualifies as autowire candidate. Dependency annotations: {@org.springframework.beans.factory.annotation.Autowired(required=true)}
2023-08-12 10:18:19 -Stopping service [Tomcat]
2023-08-12 10:18:19 -

Error starting ApplicationContext. To display the conditions report re-run your application with 'debug' enabled.
2023-08-12 10:18:20 -

***************************
APPLICATION FAILED TO START
***************************

Description:

Field imFriendService in com.nsw.im.service.friendship.controller.ImFriendShipController required a bean of type 'com.nsw.im.service.friendship.service.ImFriendService' that could not be found.

The injection point has the following annotations:
	- @org.springframework.beans.factory.annotation.Autowired(required=true)


Action:

Consider defining a bean of type 'com.nsw.im.service.friendship.service.ImFriendService' in your configuration.

2023-08-12 10:20:52 -Starting ServiceApplication on DESKTOP-TKIAF79 with PID 14504 (E:\IdeaProjects\im_system\service\target\classes started by nsw in E:\IdeaProjects\im_system)
2023-08-12 10:20:52 -The following profiles are active: dev
2023-08-12 10:20:54 -Multiple Spring Data modules found, entering strict repository configuration mode!
2023-08-12 10:20:54 -Bootstrapping Spring Data Redis repositories in DEFAULT mode.
2023-08-12 10:20:54 -Finished Spring Data repository scanning in 18ms. Found 0 Redis repository interfaces.
2023-08-12 10:20:55 -Tomcat initialized with port(s): 8000 (http)
2023-08-12 10:20:55 -Initializing ProtocolHandler ["http-nio-8000"]
2023-08-12 10:20:55 -Starting service [Tomcat]
2023-08-12 10:20:55 -Starting Servlet engine: [Apache Tomcat/9.0.37]
2023-08-12 10:20:55 -Initializing Spring embedded WebApplicationContext
2023-08-12 10:20:55 -Root WebApplicationContext: initialization completed in 2350 ms
2023-08-12 10:20:59 -Initializing ExecutorService 'applicationTaskExecutor'
2023-08-12 10:21:02 -Starting ProtocolHandler ["http-nio-8000"]
2023-08-12 10:21:02 -Tomcat started on port(s): 8000 (http) with context path ''
2023-08-12 10:21:02 -Started ServiceApplication in 11.577 seconds (JVM running for 13.814)
2023-08-12 10:25:33 -Initializing Spring DispatcherServlet 'dispatcherServlet'
2023-08-12 10:25:33 -Initializing Servlet 'dispatcherServlet'
2023-08-12 10:25:33 -Completed initialization in 11 ms
2023-08-12 10:26:03 -Starting ServiceApplication on DESKTOP-TKIAF79 with PID 15976 (E:\IdeaProjects\im_system\service\target\classes started by nsw in E:\IdeaProjects\im_system)
2023-08-12 10:26:03 -The following profiles are active: dev
2023-08-12 10:26:05 -Multiple Spring Data modules found, entering strict repository configuration mode!
2023-08-12 10:26:05 -Bootstrapping Spring Data Redis repositories in DEFAULT mode.
2023-08-12 10:26:05 -Finished Spring Data repository scanning in 16ms. Found 0 Redis repository interfaces.
2023-08-12 10:26:06 -Tomcat initialized with port(s): 8000 (http)
2023-08-12 10:26:06 -Initializing ProtocolHandler ["http-nio-8000"]
2023-08-12 10:26:06 -Starting service [Tomcat]
2023-08-12 10:26:06 -Starting Servlet engine: [Apache Tomcat/9.0.37]
2023-08-12 10:26:06 -Initializing Spring embedded WebApplicationContext
2023-08-12 10:26:06 -Root WebApplicationContext: initialization completed in 2378 ms
2023-08-12 10:26:07 -Initializing ExecutorService 'applicationTaskExecutor'
2023-08-12 10:26:08 -Starting ProtocolHandler ["http-nio-8000"]
2023-08-12 10:26:08 -Tomcat started on port(s): 8000 (http) with context path ''
2023-08-12 10:26:08 -Started ServiceApplication in 7.22 seconds (JVM running for 9.048)
2023-08-12 10:26:29 -Initializing Spring DispatcherServlet 'dispatcherServlet'
2023-08-12 10:26:29 -Initializing Servlet 'dispatcherServlet'
2023-08-12 10:26:29 -Completed initialization in 12 ms
2023-08-12 10:26:29 -HikariPool-1 - Starting...
2023-08-12 10:26:30 -HikariPool-1 - Start completed.
2023-08-12 11:09:19 -Starting ServiceApplication on DESKTOP-TKIAF79 with PID 20240 (E:\IdeaProjects\im_system\service\target\classes started by nsw in E:\IdeaProjects\im_system)
2023-08-12 11:09:19 -The following profiles are active: dev
2023-08-12 11:09:21 -Multiple Spring Data modules found, entering strict repository configuration mode!
2023-08-12 11:09:21 -Bootstrapping Spring Data Redis repositories in DEFAULT mode.
2023-08-12 11:09:21 -Finished Spring Data repository scanning in 18ms. Found 0 Redis repository interfaces.
2023-08-12 11:09:22 -Tomcat initialized with port(s): 8000 (http)
2023-08-12 11:09:22 -Initializing ProtocolHandler ["http-nio-8000"]
2023-08-12 11:09:22 -Starting service [Tomcat]
2023-08-12 11:09:22 -Starting Servlet engine: [Apache Tomcat/9.0.37]
2023-08-12 11:09:22 -Initializing Spring embedded WebApplicationContext
2023-08-12 11:09:22 -Root WebApplicationContext: initialization completed in 2521 ms
2023-08-12 11:09:23 -Initializing ExecutorService 'applicationTaskExecutor'
2023-08-12 11:09:24 -Starting ProtocolHandler ["http-nio-8000"]
2023-08-12 11:09:24 -Tomcat started on port(s): 8000 (http) with context path ''
2023-08-12 11:09:24 -Started ServiceApplication in 6.52 seconds (JVM running for 8.714)
2023-08-12 11:09:51 -Initializing Spring DispatcherServlet 'dispatcherServlet'
2023-08-12 11:09:51 -Initializing Servlet 'dispatcherServlet'
2023-08-12 11:09:51 -Completed initialization in 13 ms
2023-08-12 11:09:52 -HikariPool-1 - Starting...
2023-08-12 11:09:52 -HikariPool-1 - Start completed.
