2023-09-20 22:31:18 -Starting ServiceApplication on DESKTOP-TKIAF79 with PID 9352 (E:\IdeaProjects\im_system\service\target\classes started by nsw in E:\IdeaProjects\im_system)
2023-09-20 22:31:18 -The following profiles are active: dev
2023-09-20 22:31:23 -Multiple Spring Data modules found, entering strict repository configuration mode!
2023-09-20 22:31:23 -Bootstrapping Spring Data Redis repositories in DEFAULT mode.
2023-09-20 22:31:23 -Finished Spring Data repository scanning in 71ms. Found 0 Redis repository interfaces.
2023-09-20 22:31:25 -Tomcat initialized with port(s): 8000 (http)
2023-09-20 22:31:25 -Initializing ProtocolHandler ["http-nio-8000"]
2023-09-20 22:31:25 -Starting service [Tomcat]
2023-09-20 22:31:25 -Starting Servlet engine: [Apache Tomcat/9.0.37]
2023-09-20 22:31:25 -Initializing Spring embedded WebApplicationContext
2023-09-20 22:31:25 -Root WebApplicationContext: initialization completed in 6592 ms
2023-09-20 22:31:29 -Exception encountered during context initialization - cancelling refresh attempt: org.springframework.beans.factory.UnsatisfiedDependencyException: Error creating bean with name 'imFriendShipGroupMemberServiceImpl': Unsatisfied dependency expressed through field 'imFriendShipGroupMemberMapper'; nested exception is org.springframework.beans.factory.NoSuchBeanDefinitionException: No qualifying bean of type 'com.nsw.im.service.friendship.dao.mapper.ImFriendShipGroupMemberMapper' available: expected at least 1 bean which qualifies as autowire candidate. Dependency annotations: {@org.springframework.beans.factory.annotation.Autowired(required=true)}
2023-09-20 22:31:29 -Stopping service [Tomcat]
2023-09-20 22:31:29 -

Error starting ApplicationContext. To display the conditions report re-run your application with 'debug' enabled.
2023-09-20 22:31:30 -

***************************
APPLICATION FAILED TO START
***************************

Description:

Field imFriendShipGroupMemberMapper in com.nsw.im.service.friendship.service.impl.ImFriendShipGroupMemberServiceImpl required a bean of type 'com.nsw.im.service.friendship.dao.mapper.ImFriendShipGroupMemberMapper' that could not be found.

The injection point has the following annotations:
	- @org.springframework.beans.factory.annotation.Autowired(required=true)


Action:

Consider defining a bean of type 'com.nsw.im.service.friendship.dao.mapper.ImFriendShipGroupMemberMapper' in your configuration.

2023-09-20 22:32:14 -Starting ServiceApplication on DESKTOP-TKIAF79 with PID 9520 (E:\IdeaProjects\im_system\service\target\classes started by nsw in E:\IdeaProjects\im_system)
2023-09-20 22:32:14 -The following profiles are active: dev
2023-09-20 22:32:17 -Multiple Spring Data modules found, entering strict repository configuration mode!
2023-09-20 22:32:17 -Bootstrapping Spring Data Redis repositories in DEFAULT mode.
2023-09-20 22:32:17 -Finished Spring Data repository scanning in 63ms. Found 0 Redis repository interfaces.
2023-09-20 22:32:18 -Tomcat initialized with port(s): 8000 (http)
2023-09-20 22:32:18 -Initializing ProtocolHandler ["http-nio-8000"]
2023-09-20 22:32:18 -Starting service [Tomcat]
2023-09-20 22:32:18 -Starting Servlet engine: [Apache Tomcat/9.0.37]
2023-09-20 22:32:18 -Initializing Spring embedded WebApplicationContext
2023-09-20 22:32:18 -Root WebApplicationContext: initialization completed in 3401 ms
2023-09-20 22:32:20 -Exception encountered during context initialization - cancelling refresh attempt: org.springframework.beans.factory.UnsatisfiedDependencyException: Error creating bean with name 'imFriendShipGroupMemberServiceImpl': Unsatisfied dependency expressed through field 'imFriendShipGroupService'; nested exception is org.springframework.beans.factory.UnsatisfiedDependencyException: Error creating bean with name 'imFriendShipGroupServiceImpl': Unsatisfied dependency expressed through method 'addGroup' parameter 0; nested exception is org.springframework.beans.factory.NoSuchBeanDefinitionException: No qualifying bean of type 'com.nsw.im.service.friendship.model.req.AddFriendShipGroupReq' available: expected at least 1 bean which qualifies as autowire candidate. Dependency annotations: {}
2023-09-20 22:32:20 -Stopping service [Tomcat]
2023-09-20 22:32:20 -

Error starting ApplicationContext. To display the conditions report re-run your application with 'debug' enabled.
2023-09-20 22:32:20 -

***************************
APPLICATION FAILED TO START
***************************

Description:

Parameter 0 of method addGroup in com.nsw.im.service.friendship.service.impl.ImFriendShipGroupServiceImpl required a bean of type 'com.nsw.im.service.friendship.model.req.AddFriendShipGroupReq' that could not be found.

The injection point has the following annotations:
	- @org.springframework.beans.factory.annotation.Autowired(required=true)


Action:

Consider defining a bean of type 'com.nsw.im.service.friendship.model.req.AddFriendShipGroupReq' in your configuration.

2023-09-20 22:32:41 -Starting ServiceApplication on DESKTOP-TKIAF79 with PID 9904 (E:\IdeaProjects\im_system\service\target\classes started by nsw in E:\IdeaProjects\im_system)
2023-09-20 22:32:41 -The following profiles are active: dev
2023-09-20 22:32:42 -Multiple Spring Data modules found, entering strict repository configuration mode!
2023-09-20 22:32:42 -Bootstrapping Spring Data Redis repositories in DEFAULT mode.
2023-09-20 22:32:42 -Finished Spring Data repository scanning in 63ms. Found 0 Redis repository interfaces.
2023-09-20 22:32:43 -Tomcat initialized with port(s): 8000 (http)
2023-09-20 22:32:43 -Initializing ProtocolHandler ["http-nio-8000"]
2023-09-20 22:32:43 -Starting service [Tomcat]
2023-09-20 22:32:43 -Starting Servlet engine: [Apache Tomcat/9.0.37]
2023-09-20 22:32:43 -Initializing Spring embedded WebApplicationContext
2023-09-20 22:32:43 -Root WebApplicationContext: initialization completed in 2670 ms
2023-09-20 22:32:45 -Exception encountered during context initialization - cancelling refresh attempt: org.springframework.beans.factory.UnsatisfiedDependencyException: Error creating bean with name 'imFriendShipGroupMemberServiceImpl': Unsatisfied dependency expressed through field 'imFriendShipGroupService'; nested exception is org.springframework.beans.factory.UnsatisfiedDependencyException: Error creating bean with name 'imFriendShipGroupServiceImpl': Unsatisfied dependency expressed through method 'addGroup' parameter 0; nested exception is org.springframework.beans.factory.NoSuchBeanDefinitionException: No qualifying bean of type 'com.nsw.im.service.friendship.model.req.AddFriendShipGroupReq' available: expected at least 1 bean which qualifies as autowire candidate. Dependency annotations: {}
2023-09-20 22:32:45 -Stopping service [Tomcat]
2023-09-20 22:32:45 -

Error starting ApplicationContext. To display the conditions report re-run your application with 'debug' enabled.
2023-09-20 22:32:45 -

***************************
APPLICATION FAILED TO START
***************************

Description:

Parameter 0 of method addGroup in com.nsw.im.service.friendship.service.impl.ImFriendShipGroupServiceImpl required a bean of type 'com.nsw.im.service.friendship.model.req.AddFriendShipGroupReq' that could not be found.

The injection point has the following annotations:
	- @org.springframework.beans.factory.annotation.Autowired(required=true)


Action:

Consider defining a bean of type 'com.nsw.im.service.friendship.model.req.AddFriendShipGroupReq' in your configuration.

2023-09-20 22:33:56 -Starting ServiceApplication on DESKTOP-TKIAF79 with PID 9876 (E:\IdeaProjects\im_system\service\target\classes started by nsw in E:\IdeaProjects\im_system)
2023-09-20 22:33:56 -The following profiles are active: dev
2023-09-20 22:33:57 -Multiple Spring Data modules found, entering strict repository configuration mode!
2023-09-20 22:33:57 -Bootstrapping Spring Data Redis repositories in DEFAULT mode.
2023-09-20 22:33:57 -Finished Spring Data repository scanning in 58ms. Found 0 Redis repository interfaces.
2023-09-20 22:33:58 -Tomcat initialized with port(s): 8000 (http)
2023-09-20 22:33:58 -Initializing ProtocolHandler ["http-nio-8000"]
2023-09-20 22:33:58 -Starting service [Tomcat]
2023-09-20 22:33:58 -Starting Servlet engine: [Apache Tomcat/9.0.37]
2023-09-20 22:33:58 -Initializing Spring embedded WebApplicationContext
2023-09-20 22:33:58 -Root WebApplicationContext: initialization completed in 2503 ms
2023-09-20 22:34:00 -Exception encountered during context initialization - cancelling refresh attempt: org.springframework.beans.factory.UnsatisfiedDependencyException: Error creating bean with name 'imFriendShipGroupMemberServiceImpl': Unsatisfied dependency expressed through field 'imFriendShipGroupService'; nested exception is org.springframework.beans.factory.UnsatisfiedDependencyException: Error creating bean with name 'imFriendShipGroupServiceImpl': Unsatisfied dependency expressed through method 'addGroup' parameter 0; nested exception is org.springframework.beans.factory.NoSuchBeanDefinitionException: No qualifying bean of type 'com.nsw.im.service.friendship.model.req.AddFriendShipGroupReq' available: expected at least 1 bean which qualifies as autowire candidate. Dependency annotations: {}
2023-09-20 22:34:00 -Stopping service [Tomcat]
2023-09-20 22:34:00 -

Error starting ApplicationContext. To display the conditions report re-run your application with 'debug' enabled.
2023-09-20 22:34:00 -

***************************
APPLICATION FAILED TO START
***************************

Description:

Parameter 0 of method addGroup in com.nsw.im.service.friendship.service.impl.ImFriendShipGroupServiceImpl required a bean of type 'com.nsw.im.service.friendship.model.req.AddFriendShipGroupReq' that could not be found.

The injection point has the following annotations:
	- @org.springframework.beans.factory.annotation.Autowired(required=true)


Action:

Consider defining a bean of type 'com.nsw.im.service.friendship.model.req.AddFriendShipGroupReq' in your configuration.

2023-09-20 22:34:58 -Starting ServiceApplication on DESKTOP-TKIAF79 with PID 4216 (E:\IdeaProjects\im_system\service\target\classes started by nsw in E:\IdeaProjects\im_system)
2023-09-20 22:34:59 -The following profiles are active: dev
2023-09-20 22:35:00 -Multiple Spring Data modules found, entering strict repository configuration mode!
2023-09-20 22:35:00 -Bootstrapping Spring Data Redis repositories in DEFAULT mode.
2023-09-20 22:35:00 -Finished Spring Data repository scanning in 25ms. Found 0 Redis repository interfaces.
2023-09-20 22:35:01 -Tomcat initialized with port(s): 8000 (http)
2023-09-20 22:35:01 -Initializing ProtocolHandler ["http-nio-8000"]
2023-09-20 22:35:01 -Starting service [Tomcat]
2023-09-20 22:35:01 -Starting Servlet engine: [Apache Tomcat/9.0.37]
2023-09-20 22:35:01 -Initializing Spring embedded WebApplicationContext
2023-09-20 22:35:01 -Root WebApplicationContext: initialization completed in 2750 ms
2023-09-20 22:35:04 -Initializing ExecutorService 'applicationTaskExecutor'
2023-09-20 22:35:06 -Starting ProtocolHandler ["http-nio-8000"]
2023-09-20 22:35:06 -Tomcat started on port(s): 8000 (http) with context path ''
2023-09-20 22:35:06 -Started ServiceApplication in 9.768 seconds (JVM running for 11.766)
